total 96K
drwxr-xr-x   1 root root 4.0K Oct  1 04:31 .
drwxr-xr-x   1 root root 4.0K Oct  1 04:31 ..
-rwxr-xr-x   1 root root    0 Oct  1 04:31 .dockerenv
-rw-r--r--   1 root root  12K Mar  5  2019 anaconda-post.log
-rwxr-xr-x   1 root root  182 Jan  1  1970 apply.sh
lrwxrwxrwx   1 root root    7 Mar  5  2019 bin -> usr/bin
drwxr-xr-x  10 root root 2.9K Oct  1 04:31 dev
drwxr-xr-x   1 root root 4.0K Oct  1 04:31 etc
drwxr-xr-x   2 root root 4.0K Apr 11  2018 home
-rw-r--r--   1 root root 5.6K Jan  1  1970 kubeconfig.kubeconfig
lrwxrwxrwx   1 root root    7 Mar  5  2019 lib -> usr/lib
lrwxrwxrwx   1 root root    9 Mar  5  2019 lib64 -> usr/lib64
-rw-r--r--   1 root root  13K Jan  1  1970 list.yaml
drwxr-xr-x   2 root root 4.0K Apr 11  2018 media
drwxr-xr-x   2 root root 4.0K Apr 11  2018 mnt
-rw-r--r--   1 root root    9 Jan  1  1970 namespace-file
drwxr-xr-x   2 root root 4.0K Apr 11  2018 opt
dr-xr-xr-x 305 root root    0 Sep 30 19:06 proc
dr-xr-x---   1 root root 4.0K Jun 20 16:22 root
drwxr-xr-x   1 root root 4.0K Jun 20 16:47 run
lrwxrwxrwx   1 root root    8 Mar  5  2019 sbin -> usr/sbin
drwxr-xr-x   2 root root 4.0K Apr 11  2018 srv
dr-xr-xr-x  13 root root    0 Oct  1 04:30 sys
drwxrwxrwt   1 root root 4.0K Jun 20 16:47 tmp
drwxr-xr-x   1 root root 4.0K Mar  5  2019 usr
drwxr-xr-x   1 root root 4.0K Mar  5  2019 var
template.template.openshift.io/jenkins-ephemeral created
