total 104K
drwxr-xr-x   1 root root 4.0K Jul  3 16:25 .
drwxr-xr-x   1 root root 4.0K Jul  3 16:25 ..
-rwxr-xr-x   1 root root    0 Jul  3 16:25 .dockerenv
-rw-r--r--   1 root root  12K Mar  5 17:36 anaconda-post.log
-rwxr-xr-x   1 root root  182 Jan  1  1970 apply.sh
lrwxrwxrwx   1 root root    7 Mar  5 17:34 bin -> usr/bin
drwxr-xr-x  10 root root 2.9K Jul  3 16:25 dev
drwxr-xr-x   1 root root 4.0K Jul  3 16:25 etc
drwxr-xr-x   2 root root 4.0K Apr 11  2018 home
-rw-r--r--   1 root root 5.6K Jan  1  1970 kubeconfig.kubeconfig
lrwxrwxrwx   1 root root    7 Mar  5 17:34 lib -> usr/lib
lrwxrwxrwx   1 root root    9 Mar  5 17:34 lib64 -> usr/lib64
-rw-r--r--   1 root root  22K Jan  1  1970 list.yaml
drwxr-xr-x   2 root root 4.0K Apr 11  2018 media
drwxr-xr-x   2 root root 4.0K Apr 11  2018 mnt
-rw-r--r--   1 root root    9 Jan  1  1970 namespace-file
drwxr-xr-x   2 root root 4.0K Apr 11  2018 opt
dr-xr-xr-x 312 root root    0 Jul  3 16:18 proc
dr-xr-x---   1 root root 4.0K Jun 20 16:22 root
drwxr-xr-x   1 root root 4.0K Jun 20 16:47 run
lrwxrwxrwx   1 root root    8 Mar  5 17:34 sbin -> usr/sbin
drwxr-xr-x   2 root root 4.0K Apr 11  2018 srv
dr-xr-xr-x  13 root root    0 Jul  3 16:23 sys
drwxrwxrwt   1 root root 4.0K Jun 20 16:47 tmp
drwxr-xr-x   1 root root 4.0K Mar  5 17:34 usr
drwxr-xr-x   1 root root 4.0K Mar  5 17:34 var
template.template.openshift.io/nodejs-mongo-persistent created
